ALLOCATION: 16 c0712a-s[3,8,13-22,25-28]

Rank 4 P matrix mpi broadcast time: 0.074977
Iterations: 131073
Rank 4 DP partial computation time iteration 2: 0.000014
Rank 4 DP matrix mpi allgather time iteration 2: 0.010052
Rank 4 DP matrix previous row update time iteration 2: 0.000000
Rank 13 P matrix mpi broadcast time: 0.066487
Iterations: 131073
Rank 13 DP partial computation time iteration 2: 0.000015
Rank 13 DP matrix mpi allgather time iteration 2: 0.012963
Rank 13 DP matrix previous row update time iteration 2: 0.000000
Rank 14 P matrix mpi broadcast time: 0.080248
Iterations: 131073
Rank 14 DP partial computation time iteration 2: 0.000015
Rank 14 DP matrix mpi allgather time iteration 2: 0.008046
Rank 14 DP matrix previous row update time iteration 2: 0.000000
Rank 6 P matrix mpi broadcast time: 0.081236
Iterations: 131073
Rank 6 DP partial computation time iteration 2: 0.000015
Rank 6 DP matrix mpi allgather time iteration 2: 0.000008
Rank 6 DP matrix previous row update time iteration 2: 0.000000
Rank 7 P matrix mpi broadcast time: 0.063237
Iterations: 131073
Rank 7 DP partial computation time iteration 2: 0.000015
Rank 7 DP matrix mpi allgather time iteration 2: 0.000009
Rank 7 DP matrix previous row update time iteration 2: 0.000000
Rank 2 P matrix computation time: 0.000438
Rank 2 P matrix mpi broadcast time: 0.077427
Iterations: 131073
Rank 2 DP partial computation time iteration 2: 0.000014
Rank 2 DP matrix mpi allgather time iteration 2: 0.000008
Rank 2 DP matrix previous row update time iteration 2: 0.000000
Rank 11 P matrix mpi broadcast time: 0.064296
Iterations: 131073
Rank 11 DP partial computation time iteration 2: 0.000022
Rank 11 DP matrix mpi allgather time iteration 2: 0.000014
Rank 11 DP matrix previous row update time iteration 2: 0.000000
Rank 5 P matrix mpi broadcast time: 0.065383
Iterations: 131073
Rank 5 DP partial computation time iteration 2: 0.000015
Rank 5 DP matrix mpi allgather time iteration 2: 0.004360
Rank 5 DP matrix previous row update time iteration 2: 0.000000
Rank 3 P matrix computation time: 0.000415
Rank 3 P matrix mpi broadcast time: 0.056871
Iterations: 131073
Rank 3 DP partial computation time iteration 2: 0.000015
Rank 3 DP matrix mpi allgather time iteration 2: 0.000010
Rank 3 DP matrix previous row update time iteration 2: 0.000000
Rank 8 P matrix mpi broadcast time: 0.071002
Iterations: 131073
Rank 8 DP partial computation time iteration 2: 0.000015
Rank 8 DP matrix mpi allgather time iteration 2: 0.008063
Rank 8 DP matrix previous row update time iteration 2: 0.000000
Rank 9 P matrix mpi broadcast time: 0.059063
Iterations: 131073
Rank 9 DP partial computation time iteration 2: 0.000015
Rank 9 DP matrix mpi allgather time iteration 2: 0.000010
Rank 9 DP matrix previous row update time iteration 2: 0.000000
Rank 12 P matrix mpi broadcast time: 0.068687
Iterations: 131073
Rank 12 DP partial computation time iteration 2: 0.000016
Rank 12 DP matrix mpi allgather time iteration 2: 0.000058
Rank 12 DP matrix previous row update time iteration 2: 0.000000
Rank 15 P matrix mpi broadcast time: 0.049962
Iterations: 131073
Rank 15 DP partial computation time iteration 2: 0.000015
Rank 15 DP matrix mpi allgather time iteration 2: 0.000161
Rank 15 DP matrix previous row update time iteration 2: 0.000000
Rank 10 P matrix mpi broadcast time: 0.083101
Iterations: 131073
Rank 10 DP partial computation time iteration 2: 0.000015
Rank 10 DP matrix mpi allgather time iteration 2: 0.000009
Rank 10 DP matrix previous row update time iteration 2: 0.000000
Loading DNA file "/home/c.ruskin/eel6763/project/data/11.txt" on each of 16 processes (1 threads per rank)...
Branching: disabled (version 2)
Length of string B: 131071 
Length of string C: 4
String C is: ATCG
Rank 0 P matrix computation time: 0.000339
Rank 0 P matrix mpi gather time: 0.007426
Rank 0 P matrix mpi broadcast time: 0.063291
Iterations: 131073
Rank 0 DP partial computation time iteration 2: 0.000014
Rank 0 DP matrix mpi allgather time iteration 2: 0.000007
Rank 0 DP matrix previous row update time iteration 2: 0.000000
LCS: 127963
Execution time: 3.341551
Rank 1 P matrix computation time: 0.000369
Rank 1 P matrix mpi broadcast time: 0.059465
Iterations: 131073
Rank 1 DP partial computation time iteration 2: 0.000015
Rank 1 DP matrix mpi allgather time iteration 2: 0.000014
Rank 1 DP matrix previous row update time iteration 2: 0.000000
